Media_AndroidDemo_Mini/build/outputs/logs/manifest-merger-debug-report.txt
-- Merging decision tree log ---
manifest
ADDED from Media_AndroidDemo_Mini\AndroidManifest.xml:1:1-45:12
	package
		ADDED from Media_AndroidDemo_Mini\AndroidManifest.xml:2:5-41
		INJECTED from Media_AndroidDemo_Mini\AndroidManifest.xml
		INJECTED from Media_AndroidDemo_Mini\AndroidManifest.xml
	android:versionName
		ADDED from Media_AndroidDemo_Mini\AndroidManifest.xml:4:5-32
		INJECTED from Media_AndroidDemo_Mini\AndroidManifest.xml
		INJECTED from Media_AndroidDemo_Mini\AndroidManifest.xml
	android:versionCode
		ADDED from Media_AndroidDemo_Mini\AndroidManifest.xml:3:5-28
		INJECTED from Media_AndroidDemo_Mini\AndroidManifest.xml
		INJECTED from Media_AndroidDemo_Mini\AndroidManifest.xml
	xmlns:android
		ADDED from Media_AndroidDemo_Mini\AndroidManifest.xml:1:11-69
uses-sdk
ADDED from Media_AndroidDemo_Mini\AndroidManifest.xml:6:5-8:41
	android:targetSdkVersion
		ADDED from Media_AndroidDemo_Mini\AndroidManifest.xml:8:9-38
		INJECTED from Media_AndroidDemo_Mini\AndroidManifest.xml
		INJECTED from Media_AndroidDemo_Mini\AndroidManifest.xml
	android:minSdkVersion
		ADDED from Media_AndroidDemo_Mini\AndroidManifest.xml:7:9-34
		INJECTED from Media_AndroidDemo_Mini\AndroidManifest.xml
		INJECTED from Media_AndroidDemo_Mini\AndroidManifest.xml
uses-permission#android.permission.WRITE_EXTERNAL_STORAGE
ADDED from Media_AndroidDemo_Mini\AndroidManifest.xml:10:5-80
	android:name
		ADDED from Media_AndroidDemo_Mini\AndroidManifest.xml:10:22-78
uses-permission#android.permission.MOUNT_UNMOUNT_FILESYSTEMS
ADDED from Media_AndroidDemo_Mini\AndroidManifest.xml:11:5-84
	android:name
		ADDED from Media_AndroidDemo_Mini\AndroidManifest.xml:11:22-81
uses-permission#android.permission.ACCESS_NETWORK_STATE
ADDED from Media_AndroidDemo_Mini\AndroidManifest.xml:12:5-78
	android:name
		ADDED from Media_AndroidDemo_Mini\AndroidManifest.xml:12:22-76
uses-permission#android.permission.ACCESS_WIFI_STATE
ADDED from Media_AndroidDemo_Mini\AndroidManifest.xml:13:5-75
	android:name
		ADDED from Media_AndroidDemo_Mini\AndroidManifest.xml:13:22-73
uses-permission#android.permission.READ_PHONE_STATE
ADDED from Media_AndroidDemo_Mini\AndroidManifest.xml:14:5-74
	android:name
		ADDED from Media_AndroidDemo_Mini\AndroidManifest.xml:14:22-72
uses-permission#android.permission.READ_SETTINGS
ADDED from Media_AndroidDemo_Mini\AndroidManifest.xml:15:5-71
	android:name
		ADDED from Media_AndroidDemo_Mini\AndroidManifest.xml:15:22-69
uses-permission#android.permission.WRITE_SETTINGS
ADDED from Media_AndroidDemo_Mini\AndroidManifest.xml:16:5-72
	android:name
		ADDED from Media_AndroidDemo_Mini\AndroidManifest.xml:16:22-70
uses-permission#android.permission.INTERNET
ADDED from Media_AndroidDemo_Mini\AndroidManifest.xml:17:5-66
	android:name
		ADDED from Media_AndroidDemo_Mini\AndroidManifest.xml:17:22-64
uses-permission#android.permission.READ_EXTERNAL_STORAGE
ADDED from Media_AndroidDemo_Mini\AndroidManifest.xml:18:5-79
	android:name
		ADDED from Media_AndroidDemo_Mini\AndroidManifest.xml:18:22-77
uses-permission#android.permission.GET_TASKS
ADDED from Media_AndroidDemo_Mini\AndroidManifest.xml:19:5-67
	android:name
		ADDED from Media_AndroidDemo_Mini\AndroidManifest.xml:19:22-65
uses-permission#android.permission.CAMERA
ADDED from Media_AndroidDemo_Mini\AndroidManifest.xml:20:5-65
	android:name
		ADDED from Media_AndroidDemo_Mini\AndroidManifest.xml:20:22-62
uses-permission#android.permission.RECORD_AUDIO
ADDED from Media_AndroidDemo_Mini\AndroidManifest.xml:21:5-71
	android:name
		ADDED from Media_AndroidDemo_Mini\AndroidManifest.xml:21:22-68
uses-permission#android.permission.ACCESS_FINE_LOCATION
ADDED from Media_AndroidDemo_Mini\AndroidManifest.xml:22:5-78
	android:name
		ADDED from Media_AndroidDemo_Mini\AndroidManifest.xml:22:22-76
application
ADDED from Media_AndroidDemo_Mini\AndroidManifest.xml:24:5-43:19
	android:label
		ADDED from Media_AndroidDemo_Mini\AndroidManifest.xml:28:9-41
	android:allowBackup
		ADDED from Media_AndroidDemo_Mini\AndroidManifest.xml:25:9-35
	android:icon
		ADDED from Media_AndroidDemo_Mini\AndroidManifest.xml:27:9-45
	android:name
		ADDED from Media_AndroidDemo_Mini\AndroidManifest.xml:26:9-58
activity#com.alibaba.media.sdk.demo.MediaMainActivity
ADDED from Media_AndroidDemo_Mini\AndroidManifest.xml:30:9-38:20
	android:theme
		ADDED from Media_AndroidDemo_Mini\AndroidManifest.xml:32:10-68
	android:name
		ADDED from Media_AndroidDemo_Mini\AndroidManifest.xml:31:13-72
intent-filter#android.intent.action.MAIN+android.intent.category.LAUNCHER
ADDED from Media_AndroidDemo_Mini\AndroidManifest.xml:33:13-37:29
action#android.intent.action.MAIN
ADDED from Media_AndroidDemo_Mini\AndroidManifest.xml:34:17-69
	android:name
		ADDED from Media_AndroidDemo_Mini\AndroidManifest.xml:34:25-66
category#android.intent.category.LAUNCHER
ADDED from Media_AndroidDemo_Mini\AndroidManifest.xml:36:17-77
	android:name
		ADDED from Media_AndroidDemo_Mini\AndroidManifest.xml:36:27-74
activity#com.alibaba.media.sdk.demo.MediaServerActivity
ADDED from Media_AndroidDemo_Mini\AndroidManifest.xml:39:9-83
	android:name
		ADDED from Media_AndroidDemo_Mini\AndroidManifest.xml:39:19-80
activity#com.alibaba.media.sdk.demo.ImageUploadFragment
ADDED from Media_AndroidDemo_Mini\AndroidManifest.xml:40:9-83
	android:name
		ADDED from Media_AndroidDemo_Mini\AndroidManifest.xml:40:19-80
activity#com.alibaba.media.sdk.demo.ImageLoadFragment
ADDED from Media_AndroidDemo_Mini\AndroidManifest.xml:41:9-81
	android:name
		ADDED from Media_AndroidDemo_Mini\AndroidManifest.xml:41:19-78
activity#com.alibaba.media.sdk.demo.MyHorizontalScrollView
ADDED from Media_AndroidDemo_Mini\AndroidManifest.xml:42:9-86
	android:name
		ADDED from Media_AndroidDemo_Mini\AndroidManifest.xml:42:19-83